<?xml version="1.0" encoding="UTF-8"?>
<testsuite xmlns:xsi="http://www.w3.org/2001/XMLSchema-instance" xsi:noNamespaceSchemaLocation="https://maven.apache.org/surefire/maven-surefire-plugin/xsd/surefire-test-report-3.0.xsd" version="3.0" name="com.example.configserverya.ConfigServerYaApplicationTests" time="9.962" tests="1" errors="0" skipped="0" failures="0">
  <properties>
[...]
</properties>
  <testcase name="contextLoads" classname="com.example.configserverya.ConfigServerYaApplicationTests" time="2.16">
    <system-out><![CDATA[18:28:16.420 [main] INFO org.springframework.test.context.support.AnnotationConfigContextLoaderUtils -- Could not detect default configuration classes for test class [com.example.configserverya.ConfigServerYaApplicationTests]: ConfigServerYaApplicationTests does not declare any static, non-private, non-final, nested classes annotated with @Configuration.
18:28:16.708 [main] INFO org.springframework.boot.test.context.SpringBootTestContextBootstrapper -- Found @SpringBootConfiguration com.example.configserverya.ConfigServerYaApplication for test class com.example.configserverya.ConfigServerYaApplicationTests

  .   ____          _            __ _ _
 /\\ / ___'_ __ _ _(_)_ __  __ _ \ \ \ \
( ( )\___ | '_ | '_| | '_ \/ _` | \ \ \ \
 \\/  ___)| |_)| | | | | || (_| |  ) ) ) )
  '  |____| .__|_| |_|_| |_\__, | / / / /
 =========|_|==============|___/=/_/_/_/
 :: Spring Boot ::                (v3.1.3)

2023-11-07T18:28:18.380+03:00  INFO 14352 --- [           main] c.e.c.ConfigServerYaApplicationTests     : Starting ConfigServerYaApplicationTests using Java 18.0.2.1 with PID 14352 (started by 15nk3 in C:\Users\15nk3\Documents\GitHub\YarApartServer\configServer-YA)
2023-11-07T18:28:18.384+03:00  INFO 14352 --- [           main] c.e.c.ConfigServerYaApplicationTests     : The following 1 profile is active: "native"
2023-11-07T18:28:21.545+03:00  INFO 14352 --- [           main] o.s.cloud.context.scope.GenericScope     : BeanFactory id=a2be0d14-7ac5-357e-afab-85939384c596
2023-11-07T18:28:23.586+03:00  INFO 14352 --- [           main] c.e.c.ConfigServerYaApplicationTests     : Started ConfigServerYaApplicationTests in 6.363 seconds (process running for 16.048)
]]></system-out>
  </testcase>
</testsuite>